<?xml version="1.0" encoding="UTF-8"?>
<testsuite xmlns:xsi="http://www.w3.org/2001/XMLSchema-instance" xsi:noNamespaceSchemaLocation="https://maven.apache.org/surefire/maven-surefire-plugin/xsd/surefire-test-report-3.0.xsd" version="3.0" name="com.dept.automation.runner.TestRunner" time="23.278" tests="2" errors="0" skipped="0" failures="0">
  <properties>
[...]
</properties>
  <testcase name="Validate author details for OL1A" classname="OpenLibrary Author API" time="2.365">
    <system-out><![CDATA[
@api @full_regression
Scenario Outline: Validate author details for OL1A                            &amp#27;[90m# src/test/resources/features/api/api.feature:12&amp#27;[0m
  &amp#27;[32mGiven &amp#27;[0m&amp#27;[32mI call OpenLibrary author API for &amp#27;[0m&amp#27;[32m&amp#27;[1m"OL1A"&amp#27;[0m                              &amp#27;[90m# com.dept.automation.step_definitions.Api_steps.iCallOpenLibraryAuthorApiFor(java.lang.String)&amp#27;[0m
  &amp#27;[32mThen &amp#27;[0m&amp#27;[32mthe response status should be &amp#27;[0m&amp#27;[32m&amp#27;[1m200&amp#27;[0m                                      &amp#27;[90m# com.dept.automation.step_definitions.Api_steps.theResponseStatusShouldBe(int)&amp#27;[0m
  &amp#27;[32mAnd &amp#27;[0m&amp#27;[32mthe response should have personal_name &amp#27;[0m&amp#27;[32m&amp#27;[1m"Sachi Rautroy"&amp#27;[0m                  &amp#27;[90m# com.dept.automation.step_definitions.Api_steps.theResponseShouldHavePersonalName(java.lang.String)&amp#27;[0m
  &amp#27;[32mAnd &amp#27;[0m&amp#27;[32mthe response should contain alternate_name &amp#27;[0m&amp#27;[32m&amp#27;[1m"Yugashrashta Sachi Routray"&amp#27;[0m &amp#27;[90m# com.dept.automation.step_definitions.Api_steps.theResponseShouldContainAlternateName(java.lang.String)&amp#27;[0m
]]></system-out>
    <system-err><![CDATA[SLF4J(W): No SLF4J providers were found.
SLF4J(W): Defaulting to no-operation (NOP) logger implementation
SLF4J(W): See https://www.slf4j.org/codes.html#noProviders for further details.
]]></system-err>
  </testcase>
  <testcase name="Verify the motor vehicle stamp duty calculator" classname="login" time="20.228">
    <system-out><![CDATA[
@ui @full_regression
Scenario Outline: Verify the motor vehicle stamp duty calculator                              &amp#27;[90m# src/test/resources/features/ui/ui.feature:14&amp#27;[0m
Running ui tests
  &amp#27;[32mGiven &amp#27;[0m&amp#27;[32mI am on the motor vehicle stamp duty page&amp#27;[0m                                             &amp#27;[90m# com.dept.automation.step_definitions.Ui_steps.i_am_on_the_login_page()&amp#27;[0m
  &amp#27;[32mWhen &amp#27;[0m&amp#27;[32mI click on the check online button and go to vehicle registration duty calculator page&amp#27;[0m &amp#27;[90m# com.dept.automation.step_definitions.Ui_steps.i_click_on_the_check_online_button()&amp#27;[0m
  &amp#27;[32mAnd &amp#27;[0m&amp#27;[32mI select the passenger vehicle as &amp#27;[0m&amp#27;[32m&amp#27;[1mYes&amp#27;[0m                                                   &amp#27;[90m# com.dept.automation.step_definitions.Ui_steps.i_select_the_passenger_vehicle(java.lang.String)&amp#27;[0m
  &amp#27;[32mAnd &amp#27;[0m&amp#27;[32mI enter the purchase price as &amp#27;[0m&amp#27;[32m&amp#27;[1m10000&amp#27;[0m                                                     &amp#27;[90m# com.dept.automation.step_definitions.Ui_steps.i_enter_the_purchase_price_as(int)&amp#27;[0m
  &amp#27;[32mAnd &amp#27;[0m&amp#27;[32mI click on submit&amp#27;[0m                                                                       &amp#27;[90m# com.dept.automation.step_definitions.Ui_steps.i_click_on_submit()&amp#27;[0m
  &amp#27;[32mThen &amp#27;[0m&amp#27;[32mI should see the calculated duty payable value succesfully&amp#27;[0m                             &amp#27;[90m# com.dept.automation.step_definitions.Ui_steps.i_should_see_the_calculated_duty_payable_value_succesfully()&amp#27;[0m
]]></system-out>
    <system-err><![CDATA[Feb 18, 2026 5:13:42 PM org.openqa.selenium.devtools.CdpVersionFinder findNearestMatch
WARNING: Unable to find CDP implementation matching 144
Feb 18, 2026 5:13:42 PM org.openqa.selenium.chromium.ChromiumDriver lambda$new$5
WARNING: Unable to find version of CDP to use for 144.0.7559.133. You may need to include a dependency on a specific version of the CDP using something similar to `org.seleniumhq.selenium:selenium-devtools-v86:4.19.1` where the version ("v86") matches the version of the chromium-based browser you're using and the version number of the artifact is the same as Selenium's.
]]></system-err>
  </testcase>
</testsuite>